================================================================================
📊 DETAILED ANALYSIS OF SUBMISSION_OPTIMIZED.TSV
================================================================================

📥 Loaded 600 examples

================================================================================
1. BASIC STATISTICS
================================================================================

Changed: 429 (71.5%)
Unchanged: 171 (28.5%)

Length statistics:
  Mean length ratio: 0.910
  Min length ratio: 0.300
  Max length ratio: 1.408
  Mean length reduction: 4.5 chars

================================================================================
2. @USER REMOVAL ANALYSIS
================================================================================

Original texts with @user: 14
Detoxified texts with @user: 0
@user removed: 14

When @user removed:
  Mean length ratio: 0.817
  Examples (first 5):
    [0] Orig:  @user, ну чапай чапай эйтер идем инде;-)эйтеп тормыйм...
         Detox: ну чапай чапай эйтер идем инде;-)эйтеп тормыйм...

    [10] Orig:  @user, син кил давай, кутак сырлама!...
         Detox: син кил давай, сырлама!...

    [50] Orig:  @user, ни хрена да булышмады синен счинакомын, тамак авырта ...
         Detox: ни да булышмады синен, тамак авырта белэт! :)...

    [54] Orig:  @user, сэер ул. мин аны башта шулай юри кыланадыр дип уйлага...
         Detox: сэер ул. мин аны башта шулай юри кыланадыр дип уйлаган идем....

    [76] Orig:  @user, ул сез ангырау,юнле кеше болай фикерлэми!!!!!!Сез ул ...
         Detox: ул сез кеше болай фикерлэми!!!!!!Сез ул ТАТАР миллэтен !...


================================================================================
3. DISGUISED PROFANITY PATTERNS
================================================================================

Disguised profanity in DETOXIFIED texts (should be 0):

  ⚠️  'Заипали/Заипало (заебали)' found in 1 detoxified texts:
      [17] Заипали, нэрсэ булэк итим, нишлим диеп!...

  ⚠️  'Бляяя (бля)' found in 1 detoxified texts:
      [435] актанышта кызларны оскорблять итмэгэн берэр "егет" жаны бармы ул?:...

  ⚠️  'Х*й (хуй)' found in 1 detoxified texts:
      [268] Пашол нахуй куттакбаш...

  ⚠️  'П*зд (пизд)' found in 1 detoxified texts:
      [168] Матвей, еврей телендэ пиздишь да...

  ⚠️  'Сука (прямое)' found in 1 detoxified texts:
      [230] Ел саен бер балык башларын чэйнилэр сукалар...

  ⚠️  CRITICAL: 'Заипали' (disguised мат) found in 1 detoxified texts!
      [17] Заипали, нэрсэ булэк итим, нишлим диеп!...

================================================================================
4. TATAR TOXIC WORDS IN DETOXIFIED TEXTS
================================================================================

Tatar toxic words in DETOXIFIED texts (should be 0):

  ⚠️  'кут (зад)' found in 6 detoxified texts:
      [18] Кит инде,яраткан хэр-бер эйбер очен кут жырта башласан,нинди дупло име...
      [82] Футболкасын эзеп кут тишегене тыгып куерга кирек булган!...
      [155] Рамиль, кызларга тугачтында кут ими бирелэ э иргэ нэрсэ бирелэ икэн ко...

================================================================================
5. RUSSIAN PROFANITY IN DETOXIFIED TEXTS
================================================================================

Russian profanity in DETOXIFIED texts:

  ⚠️  'бля/блять' found in 1 detoxified texts:
      [435] Orig:  актанышта кызларны обсирать итмэгэн берэр "егет" жаны бармы ...
           Detox: актанышта кызларны оскорблять итмэгэн берэр "егет" жаны барм...

  ⚠️  'хуй/хуйня' found in 1 detoxified texts:
      [268] Orig:  Пашол нахуй куттакбаш...
           Detox: Пашол нахуй куттакбаш...

  ⚠️  'пизд' found in 1 detoxified texts:
      [168] Orig:  Матвей, еврей телендэ пиздишь да...
           Detox: Матвей, еврей телендэ пиздишь да...

================================================================================
6. EXCESSIVE CHANGES (potential LOW SIM)
================================================================================

Texts with >30% length reduction: 47
  First 10 examples:

    [10] Ratio=0.64
        Orig:  @user, син кил давай, кутак сырлама!
        Detox: син кил давай, сырлама!

    [13] Ratio=0.62
        Orig:  Барыгызга да оят! Татармын дип тамак ертып кычкырасыз, э узегегез
        Detox: Татармын дип әйтәсез, ләкин русча сөйләшәсез!!! Бу ни бу???!!!

    [50] Ratio=0.66
        Orig:  @user, ни хрена да булышмады синен счинакомын, тамак авырта белэт
        Detox: ни да булышмады синен, тамак авырта белэт! :)

    [59] Ratio=0.56
        Orig:  Кул кутэргэн икэн,  димэк ул егет кеше тугел,  тряпка !!!
        Detox: Кул, димэк ул егет кеше тугел!!!

    [76] Ratio=0.63
        Orig:  @user, ул сез ангырау,юнле кеше болай фикерлэми!!!!!!Сез ул ТАТАР
        Detox: ул сез кеше болай фикерлэми!!!!!!Сез ул ТАТАР миллэтен !

    [145] Ratio=0.69
        Orig:  син тиле мэллэ!!
        Detox: син мэллэ!!

    [147] Ratio=0.49
        Orig:  Хатын-кыз логикасы блэт, арышынны урыйм!!
        Detox: Хатын-кыз логикасы!!

    [149] Ratio=0.69
        Orig:  Коточкыч! агуланып кырыласыз бит, хэмер яратучылар!
        Detox: агуланып кырыласыз бит, яратучылар!

    [157] Ratio=0.68
        Orig:  Путинны сайла идиот
        Detox: Путинны сайла

    [179] Ratio=0.57
        Orig:  Передачи, син бестолочь
        Detox: Передачи, син

================================================================================
7. UNCHANGED TEXTS (may still be toxic)
================================================================================

Unchanged texts: 171
Unchanged texts with potential toxicity: 7
  First 10 examples:
    [18] Кит инде,яраткан хэр-бер эйбер очен кут жырта башласан,нинди дупло име...
    [82] Футболкасын эзеп кут тишегене тыгып куерга кирек булган!...
    [155] Рамиль, кызларга тугачтында кут ими бирелэ э иргэ нэрсэ бирелэ икэн ко...
    [168] Матвей, еврей телендэ пиздишь да...
    [232] Куте жиртылды жиннарын яндрып...
    [268] Пашол нахуй куттакбаш...
    [337] Эллэ Кут эллэ бэтэк...

================================================================================
8. SPECIFIC PROBLEM EXAMPLES FROM ISSUE
================================================================================

Problem examples mentioned in issue (STA=0.00):

[14]
  Orig:  уф бля.сектегез уже.шундый кутак баш чтоли ты?сама решай!
  Detox: уф. Сез инде. шундый тупой баш чтоли ты?сама решай!

[15]
  Orig:  Егетен булгач с ночевкой бармаска иде! Или калмаска иде! Уз кутенэ приключение эзлэгэнсен инде булдыргансын!!
  Detox: Егетен булгач с ночевкой бармаска иде! Или калмаска иде! Уз кутенэ приключение эзлэгэнсен инде бултыргансын!!

[17]
  Orig:  Заипали блин, нэрсэ булэк итим, нишлим диеп!
  Detox: Заипали, нэрсэ булэк итим, нишлим диеп!
  ⚠️ Toxic remaining: Заипали/Заипало (заебали)

[18]
  Orig:  Кит инде,яраткан хэр-бер эйбер очен кут жырта башласан,нинди дупло иметь итэргэ кирэк?!
  Detox: Кит инде,яраткан хэр-бер эйбер очен кут жырта башласан,нинди дупло иметь итэргэ кирэк?!
  ⚠️ Toxic remaining: кут (зад)

[26]
  Orig:  Кызлар! Жыен маржага ойлэнеп бетэсез бит, чын доресе бу! Аннары каян эзлэрбез саф чиста татар кызларын!....
  Detox: Кызлар! Жыен маржага ойлэнеп бетэсез бит, чын доресе бу! Аннары каян эзлэрбез саф чиста татар кызларын!....

================================================================================
9. SUMMARY STATISTICS
================================================================================

Total toxic patterns remaining in detoxified texts: 14

Breakdown by pattern:
  кут (зад): 6
  Заипали/Заипало (заебали): 1
  Бляяя (бля): 1
  Х*й (хуй): 1
  П*зд (пизд): 1
  Сука (прямое): 1
  бля/блять: 1
  хуй/хуйня: 1
  пизд: 1

================================================================================
📋 RECOMMENDATIONS
================================================================================

Based on analysis:

1. CRITICAL: 'Заипали' (disguised мат) is NOT being removed
   - Add explicit instruction in prompt
   - Include in few-shot examples

2. @user removal causes length reduction
   - Consider NOT removing @user
   - Or add more content to compensate

3. 'кут' morphological variants remaining (кутенэ, кутен)
   - Need better morphological handling

4. Some unchanged texts still contain toxicity
   - Model may not recognize all patterns

5. 'бля/блять' removed inconsistently
   - Need stronger instruction


📄 Saving detailed analysis to experiments/analysis_report.txt
